[debug] [2019-09-14T17:49:15.694Z] ----------------------------------------------------------------------
[debug] [2019-09-14T17:49:15.695Z] Command:       /Users/bartekpacia/.nvm/versions/node/v10.15.3/bin/node /Users/bartekpacia/.nvm/versions/node/v10.15.3/bin/firebase deploy --only functions
[debug] [2019-09-14T17:49:15.696Z] CLI Version:   7.3.2
[debug] [2019-09-14T17:49:15.696Z] Platform:      darwin
[debug] [2019-09-14T17:49:15.696Z] Node Version:  v10.15.3
[debug] [2019-09-14T17:49:15.698Z] Time:          Sat Sep 14 2019 19:49:15 GMT+0200 (GMT+02:00)
[debug] [2019-09-14T17:49:15.698Z] ----------------------------------------------------------------------
[debug] 
[debug] [2019-09-14T17:49:15.709Z] > command requires scopes: ["email","openid","https://www.googleapis.com/auth/cloudplatformprojects.readonly","https://www.googleapis.com/auth/firebase","https://www.googleapis.com/auth/cloud-platform"]
[debug] [2019-09-14T17:49:15.709Z] > authorizing via signed-in user
[debug] [2019-09-14T17:49:15.709Z] [iam] checking project hackyeah-2019 for permissions ["cloudfunctions.functions.create","cloudfunctions.functions.delete","cloudfunctions.functions.get","cloudfunctions.functions.list","cloudfunctions.functions.update","cloudfunctions.operations.get","firebase.projects.get"]
[debug] [2019-09-14T17:49:15.710Z] >>> HTTP REQUEST POST https://cloudresourcemanager.googleapis.com/v1/projects/hackyeah-2019:testIamPermissions  

[debug] [2019-09-14T17:49:16.748Z] <<< HTTP RESPONSE 200
[info] 
[info] === Deploying to 'hackyeah-2019'...
[info] 
[info] i  deploying functions
[info] Running command: npm --prefix "$RESOURCE_DIR" run lint
[info] ✔  functions: Finished running predeploy script.
[debug] [2019-09-14T17:49:19.058Z] > [functions] package.json contents: {
  "name": "functions",
  "description": "Cloud Functions for Firebase",
  "scripts": {
    "lint": "eslint .",
    "serve": "firebase serve --only functions",
    "shell": "firebase functions:shell",
    "start": "npm run shell",
    "deploy": "firebase deploy --only functions",
    "logs": "firebase functions:log"
  },
  "engines": {
    "node": "8"
  },
  "dependencies": {
    "firebase-admin": "^8.0.0",
    "firebase-functions": "^3.1.0"
  },
  "devDependencies": {
    "eslint": "^5.12.0",
    "eslint-plugin-promise": "^4.0.1",
    "firebase-functions-test": "^0.1.6"
  },
  "private": true
}
[info] i  functions: ensuring necessary APIs are enabled...
[debug] [2019-09-14T17:49:19.060Z] >>> HTTP REQUEST GET https://serviceusage.googleapis.com/v1/projects/hackyeah-2019/services/cloudfunctions.googleapis.com  
 
[debug] [2019-09-14T17:49:19.060Z] >>> HTTP REQUEST GET https://serviceusage.googleapis.com/v1/projects/hackyeah-2019/services/runtimeconfig.googleapis.com  
 
[debug] [2019-09-14T17:49:19.984Z] <<< HTTP RESPONSE 200
[debug] [2019-09-14T17:49:20.015Z] <<< HTTP RESPONSE 200
[info] ✔  functions: all necessary APIs are enabled
[debug] [2019-09-14T17:49:20.016Z] >>> HTTP REQUEST GET https://firebase.googleapis.com/v1beta1/projects/hackyeah-2019/adminSdkConfig  
 
[debug] [2019-09-14T17:49:20.504Z] <<< HTTP RESPONSE 200
[info] i  functions: preparing functions directory for uploading...
[debug] [2019-09-14T17:49:20.508Z] >>> HTTP REQUEST GET https://runtimeconfig.googleapis.com/v1beta1/projects/hackyeah-2019/configs  
 
[debug] [2019-09-14T17:49:20.805Z] <<< HTTP RESPONSE 200
[info] i  functions: packaged functions (36.75 KB) for uploading
[debug] [2019-09-14T17:49:21.003Z] >>> HTTP REQUEST POST https://cloudfunctions.googleapis.com/v1/projects/hackyeah-2019/locations/us-central1/functions:generateUploadUrl  
 
[debug] [2019-09-14T17:49:21.759Z] <<< HTTP RESPONSE 200
[debug] [2019-09-14T17:49:21.760Z] >>> HTTP REQUEST PUT https://storage.googleapis.com/gcf-upload-us-central1-52ab1654-ce0b-4a5e-ac21-3445e0b744f6/81537f19-a8c5-42b4-a726-4ad6242e8537.zip?GoogleAccessId=service-1077510177297@gcf-admin-robot.iam.gserviceaccount.com&Expires=1568485161&Signature=3AKch7HX0A6UVthYfXKhpi8T%2BamASru27BiYfDdWq7u3tp3MCyy90je9MFPe6T08s9Q6tHFLYiaUO6qcbHAOX4lv7ifZWg82fcRg%2F6Zh97ePramGTW%2BNXFIZvlM7FP9r%2BQ9r%2FeJIBMmdxJ67N3Ii9PDWQ8NMjVp9z41M%2FtiCoIA6MQm9rUvueDiVHSLmBiutgKg1xULL%2BRTy%2FHq%2BfPZXQ%2FzRkfvQZNjK4afZgenUZ75j1eeEMPOYxLbaPnKwHroRBxrcAhtlg1S9DBXTCvofP5FL0bBvxIu4p52GATWdW3vqRQZXQ91Y0oBKnYVFDGJv4CGyItLrMloFQpAj9uqh4A%3D%3D  
 <request body omitted>
[debug] [2019-09-14T17:49:22.602Z] <<< HTTP RESPONSE 200
[info] ✔  functions: functions folder uploaded successfully
[debug] [2019-09-14T17:49:22.604Z] >>> HTTP REQUEST GET https://cloudfunctions.googleapis.com/v1/projects/hackyeah-2019/locations/-/functions  
 
[debug] [2019-09-14T17:49:23.206Z] <<< HTTP RESPONSE 200
[info] i  functions: updating Node.js 8 function refresh(us-central1)...
[debug] [2019-09-14T17:49:23.208Z] Trigger is:  {"httpsTrigger":{}}
[info] i  functions: updating Node.js 8 function questionGenerator(us-central1)...
[debug] [2019-09-14T17:49:23.209Z] Trigger is:  {"eventTrigger":{"resource":"projects/hackyeah-2019/topics/firebase-schedule-questionGenerator-us-central1","eventType":"google.pubsub.topic.publish","service":"pubsub.googleapis.com"}}
[info] i  scheduler: ensuring necessary APIs are enabled...
[info] i  pubsub: ensuring necessary APIs are enabled...
[debug] [2019-09-14T17:49:23.210Z] >>> HTTP REQUEST GET https://serviceusage.googleapis.com/v1/projects/hackyeah-2019/services/cloudscheduler.googleapis.com  
 
[debug] [2019-09-14T17:49:23.210Z] >>> HTTP REQUEST GET https://serviceusage.googleapis.com/v1/projects/hackyeah-2019/services/pubsub.googleapis.com  
 
[debug] [2019-09-14T17:49:24.178Z] <<< HTTP RESPONSE 200
[info] ✔  scheduler: all necessary APIs are enabled
[debug] [2019-09-14T17:49:24.204Z] <<< HTTP RESPONSE 200
[info] ✔  pubsub: all necessary APIs are enabled
[debug] [2019-09-14T17:49:24.205Z] >>> HTTP REQUEST GET https://cloudscheduler.googleapis.com/v1beta1/projects/hackyeah-2019/locations/europe-west1/jobs/firebase-schedule-questionGenerator-us-central1  
 
[debug] [2019-09-14T17:49:24.374Z] <<< HTTP RESPONSE 200
[info] i  functions: scheduler job firebase-schedule-questionGenerator-us-central1 is up to date, no changes required
[debug] [2019-09-14T17:49:24.377Z] >>> HTTP REQUEST PATCH https://cloudfunctions.googleapis.com/v1/projects/hackyeah-2019/locations/us-central1/functions/refresh {"updateMask":"sourceUploadUrl,name,labels,runtime,httpsTrigger"} 

[debug] [2019-09-14T17:49:24.380Z] >>> HTTP REQUEST PATCH https://cloudfunctions.googleapis.com/v1/projects/hackyeah-2019/locations/us-central1/functions/questionGenerator {"updateMask":"sourceUploadUrl,name,labels,runtime,eventTrigger.resource,eventTrigger.eventType,eventTrigger.service"} 

[debug] [2019-09-14T17:49:25.100Z] <<< HTTP RESPONSE 200
[debug] [2019-09-14T17:49:25.103Z] <<< HTTP RESPONSE 200
[debug] [2019-09-14T17:49:25.104Z] >>> HTTP REQUEST GET https://cloudfunctions.googleapis.com/v1/projects/hackyeah-2019/locations/-/functions  
 
[debug] [2019-09-14T17:49:25.636Z] <<< HTTP RESPONSE 200
[debug] [2019-09-14T17:49:25.638Z] >>> HTTP REQUEST GET https://cloudfunctions.googleapis.com/v1/operations/aGFja3llYWgtMjAxOS91cy1jZW50cmFsMS9yZWZyZXNoLzlJc3ZYZ0xyVVFN  
 
[debug] [2019-09-14T17:49:25.639Z] >>> HTTP REQUEST GET https://cloudfunctions.googleapis.com/v1/operations/aGFja3llYWgtMjAxOS91cy1jZW50cmFsMS9xdWVzdGlvbkdlbmVyYXRvci9iT2VySFU1cXlTNA  
 
[debug] [2019-09-14T17:49:25.968Z] <<< HTTP RESPONSE 200
[debug] [2019-09-14T17:49:25.970Z] <<< HTTP RESPONSE 200
[debug] [2019-09-14T17:49:27.970Z] >>> HTTP REQUEST GET https://cloudfunctions.googleapis.com/v1/operations/aGFja3llYWgtMjAxOS91cy1jZW50cmFsMS9yZWZyZXNoLzlJc3ZYZ0xyVVFN  
 
[debug] [2019-09-14T17:49:27.970Z] >>> HTTP REQUEST GET https://cloudfunctions.googleapis.com/v1/operations/aGFja3llYWgtMjAxOS91cy1jZW50cmFsMS9xdWVzdGlvbkdlbmVyYXRvci9iT2VySFU1cXlTNA  
 
[debug] [2019-09-14T17:49:28.375Z] <<< HTTP RESPONSE 200
[debug] [2019-09-14T17:49:28.376Z] <<< HTTP RESPONSE 200
[debug] [2019-09-14T17:49:30.380Z] >>> HTTP REQUEST GET https://cloudfunctions.googleapis.com/v1/operations/aGFja3llYWgtMjAxOS91cy1jZW50cmFsMS9xdWVzdGlvbkdlbmVyYXRvci9iT2VySFU1cXlTNA  
 
[debug] [2019-09-14T17:49:30.380Z] >>> HTTP REQUEST GET https://cloudfunctions.googleapis.com/v1/operations/aGFja3llYWgtMjAxOS91cy1jZW50cmFsMS9yZWZyZXNoLzlJc3ZYZ0xyVVFN  
 
[debug] [2019-09-14T17:49:30.862Z] <<< HTTP RESPONSE 200
[debug] [2019-09-14T17:49:30.865Z] <<< HTTP RESPONSE 200
[debug] [2019-09-14T17:49:32.870Z] >>> HTTP REQUEST GET https://cloudfunctions.googleapis.com/v1/operations/aGFja3llYWgtMjAxOS91cy1jZW50cmFsMS9yZWZyZXNoLzlJc3ZYZ0xyVVFN  
 
[debug] [2019-09-14T17:49:32.870Z] >>> HTTP REQUEST GET https://cloudfunctions.googleapis.com/v1/operations/aGFja3llYWgtMjAxOS91cy1jZW50cmFsMS9xdWVzdGlvbkdlbmVyYXRvci9iT2VySFU1cXlTNA  
 
[debug] [2019-09-14T17:49:33.220Z] <<< HTTP RESPONSE 200
[debug] [2019-09-14T17:49:33.234Z] <<< HTTP RESPONSE 200
[debug] [2019-09-14T17:49:35.225Z] >>> HTTP REQUEST GET https://cloudfunctions.googleapis.com/v1/operations/aGFja3llYWgtMjAxOS91cy1jZW50cmFsMS9xdWVzdGlvbkdlbmVyYXRvci9iT2VySFU1cXlTNA  
 
[debug] [2019-09-14T17:49:35.236Z] >>> HTTP REQUEST GET https://cloudfunctions.googleapis.com/v1/operations/aGFja3llYWgtMjAxOS91cy1jZW50cmFsMS9yZWZyZXNoLzlJc3ZYZ0xyVVFN  
 
[debug] [2019-09-14T17:49:35.719Z] <<< HTTP RESPONSE 200
[debug] [2019-09-14T17:49:35.721Z] <<< HTTP RESPONSE 200
[debug] [2019-09-14T17:49:37.720Z] >>> HTTP REQUEST GET https://cloudfunctions.googleapis.com/v1/operations/aGFja3llYWgtMjAxOS91cy1jZW50cmFsMS9yZWZyZXNoLzlJc3ZYZ0xyVVFN  
 
[debug] [2019-09-14T17:49:37.722Z] >>> HTTP REQUEST GET https://cloudfunctions.googleapis.com/v1/operations/aGFja3llYWgtMjAxOS91cy1jZW50cmFsMS9xdWVzdGlvbkdlbmVyYXRvci9iT2VySFU1cXlTNA  
 
[debug] [2019-09-14T17:49:38.224Z] <<< HTTP RESPONSE 200
[debug] [2019-09-14T17:49:38.225Z] <<< HTTP RESPONSE 200
[debug] [2019-09-14T17:49:40.229Z] >>> HTTP REQUEST GET https://cloudfunctions.googleapis.com/v1/operations/aGFja3llYWgtMjAxOS91cy1jZW50cmFsMS9yZWZyZXNoLzlJc3ZYZ0xyVVFN  
 
[debug] [2019-09-14T17:49:40.230Z] >>> HTTP REQUEST GET https://cloudfunctions.googleapis.com/v1/operations/aGFja3llYWgtMjAxOS91cy1jZW50cmFsMS9xdWVzdGlvbkdlbmVyYXRvci9iT2VySFU1cXlTNA  
 
[debug] [2019-09-14T17:49:40.835Z] <<< HTTP RESPONSE 200
[debug] [2019-09-14T17:49:40.836Z] <<< HTTP RESPONSE 200
[debug] [2019-09-14T17:49:42.838Z] >>> HTTP REQUEST GET https://cloudfunctions.googleapis.com/v1/operations/aGFja3llYWgtMjAxOS91cy1jZW50cmFsMS9xdWVzdGlvbkdlbmVyYXRvci9iT2VySFU1cXlTNA  
 
[debug] [2019-09-14T17:49:42.839Z] >>> HTTP REQUEST GET https://cloudfunctions.googleapis.com/v1/operations/aGFja3llYWgtMjAxOS91cy1jZW50cmFsMS9yZWZyZXNoLzlJc3ZYZ0xyVVFN  
 
[debug] [2019-09-14T17:49:43.187Z] <<< HTTP RESPONSE 200
[debug] [2019-09-14T17:49:43.207Z] <<< HTTP RESPONSE 200
[debug] [2019-09-14T17:49:45.192Z] >>> HTTP REQUEST GET https://cloudfunctions.googleapis.com/v1/operations/aGFja3llYWgtMjAxOS91cy1jZW50cmFsMS9xdWVzdGlvbkdlbmVyYXRvci9iT2VySFU1cXlTNA  
 
[debug] [2019-09-14T17:49:45.209Z] >>> HTTP REQUEST GET https://cloudfunctions.googleapis.com/v1/operations/aGFja3llYWgtMjAxOS91cy1jZW50cmFsMS9yZWZyZXNoLzlJc3ZYZ0xyVVFN  
 
[debug] [2019-09-14T17:49:45.491Z] <<< HTTP RESPONSE 200
[debug] [2019-09-14T17:49:45.606Z] <<< HTTP RESPONSE 200
[debug] [2019-09-14T17:49:47.493Z] >>> HTTP REQUEST GET https://cloudfunctions.googleapis.com/v1/operations/aGFja3llYWgtMjAxOS91cy1jZW50cmFsMS9xdWVzdGlvbkdlbmVyYXRvci9iT2VySFU1cXlTNA  
 
[debug] [2019-09-14T17:49:47.607Z] >>> HTTP REQUEST GET https://cloudfunctions.googleapis.com/v1/operations/aGFja3llYWgtMjAxOS91cy1jZW50cmFsMS9yZWZyZXNoLzlJc3ZYZ0xyVVFN  
 
[debug] [2019-09-14T17:49:47.807Z] <<< HTTP RESPONSE 200
[debug] [2019-09-14T17:49:47.930Z] <<< HTTP RESPONSE 200
[debug] [2019-09-14T17:49:49.813Z] >>> HTTP REQUEST GET https://cloudfunctions.googleapis.com/v1/operations/aGFja3llYWgtMjAxOS91cy1jZW50cmFsMS9xdWVzdGlvbkdlbmVyYXRvci9iT2VySFU1cXlTNA  
 
[debug] [2019-09-14T17:49:49.935Z] >>> HTTP REQUEST GET https://cloudfunctions.googleapis.com/v1/operations/aGFja3llYWgtMjAxOS91cy1jZW50cmFsMS9yZWZyZXNoLzlJc3ZYZ0xyVVFN  
 
[debug] [2019-09-14T17:49:50.072Z] <<< HTTP RESPONSE 200
[debug] [2019-09-14T17:49:50.244Z] <<< HTTP RESPONSE 200
[debug] [2019-09-14T17:49:52.076Z] >>> HTTP REQUEST GET https://cloudfunctions.googleapis.com/v1/operations/aGFja3llYWgtMjAxOS91cy1jZW50cmFsMS9xdWVzdGlvbkdlbmVyYXRvci9iT2VySFU1cXlTNA  
 
[debug] [2019-09-14T17:49:52.244Z] >>> HTTP REQUEST GET https://cloudfunctions.googleapis.com/v1/operations/aGFja3llYWgtMjAxOS91cy1jZW50cmFsMS9yZWZyZXNoLzlJc3ZYZ0xyVVFN  
 
[debug] [2019-09-14T17:49:52.424Z] <<< HTTP RESPONSE 200
[info] ✔  functions[questionGenerator(us-central1)]: Successful update operation. 
[debug] [2019-09-14T17:49:52.568Z] <<< HTTP RESPONSE 200
[info] ✔  functions[refresh(us-central1)]: Successful update operation. 
[info] 
[info] ✔  Deploy complete!
[info] 
[info] Project Console: https://console.firebase.google.com/project/hackyeah-2019/overview
